
synthesis -f "infinitas_impl1_lattice.synproj"
synthesis:  version Diamond (64-bit) 3.9.0.99.2

Copyright (c) 1991-1994 by NeoCAD Inc. All rights reserved.
Copyright (c) 1995 AT&T Corp.   All rights reserved.
Copyright (c) 1995-2001 Lucent Technologies Inc.  All rights reserved.
Copyright (c) 2001 Agere Systems   All rights reserved.
Copyright (c) 2002-2017 Lattice Semiconductor Corporation,  All rights reserved.
Mon Jan 29 15:19:45 2018


Command Line:  synthesis -f infinitas_impl1_lattice.synproj -gui -msgset C:/lattice/infinitas/promote.xml 

    <postMsg mid="35002000" type="Info"    dynamic="0" navigation="0"  />
Synthesis options:
The -a option is MachXO2.
The -s option is 4.
The -t option is TQFP100.
The -d option is LCMXO2-2000HC.
Using package TQFP100.
Using performance grade 4.
                                                          

##########################################################

### Lattice Family : MachXO2

### Device  : LCMXO2-2000HC

### Package : TQFP100

### Speed   : 4

##########################################################

                                                          

    <postMsg mid="35001781" type="Info"    dynamic="0" navigation="0"  />
Optimization goal = Balanced
Top-level module name = infinitas.
Target frequency = 1.000000 MHz.
Maximum fanout = 1000.
Timing path count = 3
BRAM utilization = 100.000000 %
DSP usage = true
DSP utilization = 100.000000 %
fsm_encoding_style = auto
resolve_mixed_drivers = 0
fix_gated_clocks = 1

Mux style = Auto
Use Carry Chain = true
carry_chain_length = 0
Loop Limit = 1950.
Use IO Insertion = TRUE
Use IO Reg = AUTO

Resource Sharing = TRUE
Propagate Constants = TRUE
Remove Duplicate Registers = TRUE
force_gsr = auto
ROM style = auto
RAM style = auto
The -comp option is FALSE.
The -syn option is FALSE.
-p C:/lscc/diamond/3.9_x64/ispfpga/xo2c00/data (searchpath added)
-p C:/lattice/infinitas/impl1 (searchpath added)
-p C:/lattice/infinitas (searchpath added)
VHDL library = work
VHDL design file = C:/lattice/infinitas/vhdl/infinitas.vhdl
NGD file = infinitas_impl1.ngd
-sdc option: SDC file input not used.
-lpf option: Output file option is ON.
Hardtimer checking is enabled (default). The -dt option is not used.
The -r option is OFF. [ Remove LOC Properties is OFF. ]
Technology check ok...

Analyzing Verilog file C:/lscc/diamond/3.9_x64/ispfpga/userware/NT/SYNTHESIS_HEADERS/machxo2.v. VERI-1482
Compile design.
Compile Design Begin
    <postMsg mid="35921504" type="Info"    dynamic="2" navigation="0" arg0="" arg1="C:/lattice/infinitas/impl1"  />
Analyzing VHDL file c:/lattice/infinitas/vhdl/infinitas.vhdl. VHDL-1481
    <postMsg mid="35921012" type="Info"    dynamic="2" navigation="2" arg0="c:/lattice/infinitas/vhdl/infinitas.vhdl(7): " arg1="infinitas" arg2="c:/lattice/infinitas/vhdl/infinitas.vhdl" arg3="7"  />
    <postMsg mid="35921010" type="Info"    dynamic="2" navigation="2" arg0="c:/lattice/infinitas/vhdl/infinitas.vhdl(101): " arg1="behavioral" arg2="c:/lattice/infinitas/vhdl/infinitas.vhdl" arg3="101"  />
unit infinitas is not yet analyzed. VHDL-1485
unit infinitas is not yet analyzed. VHDL-1485
c:/lattice/infinitas/vhdl/infinitas.vhdl(7): executing infinitas(Behavioral)

    <postMsg mid="35921205" type="Warning" dynamic="3" navigation="2" arg0="c:/lattice/infinitas/vhdl/infinitas.vhdl(99): " arg1="infinitas" arg2="Behavioral" arg3="c:/lattice/infinitas/vhdl/infinitas.vhdl" arg4="99"  />
Top module name (VHDL): infinitas
Last elaborated design is infinitas(Behavioral)
Loading NGL library 'C:/lscc/diamond/3.9_x64/ispfpga/xo2c00a/data/xo2alib.ngl'...
Loading NGL library 'C:/lscc/diamond/3.9_x64/ispfpga/xo2c00/data/xo2clib.ngl'...
Loading NGL library 'C:/lscc/diamond/3.9_x64/ispfpga/mg5g00/data/mg5glib.ngl'...
Loading NGL library 'C:/lscc/diamond/3.9_x64/ispfpga/or5g00/data/orc5glib.ngl'...
Loading device for application map from file 'xo2c2000.nph' in environment: C:/lscc/diamond/3.9_x64/ispfpga.
Package Status:                     Final          Version 1.44.
Top-level module name = infinitas.
######## Missing driver on net wclkout. Patching with GND.



GSR will not be inferred because no asynchronous signal was found in the netlist.
Applying 1.000000 MHz constraint to all clocks

    <postMsg mid="35001611" type="Warning" dynamic="0" navigation="0"  />
Results of NGD DRC are available in infinitas_drc.log.
Loading NGL library 'C:/lscc/diamond/3.9_x64/ispfpga/xo2c00a/data/xo2alib.ngl'...
Loading NGL library 'C:/lscc/diamond/3.9_x64/ispfpga/xo2c00/data/xo2clib.ngl'...
Loading NGL library 'C:/lscc/diamond/3.9_x64/ispfpga/mg5g00/data/mg5glib.ngl'...
Loading NGL library 'C:/lscc/diamond/3.9_x64/ispfpga/or5g00/data/orc5glib.ngl'...


Running DRC...

    <postMsg mid="1166052" type="Warning" dynamic="2" navigation="1" arg0="logical" arg1="nrst" arg2="nrst"  />
    <postMsg mid="1166064" type="Warning" dynamic="2" navigation="0" arg0="input" arg1="nrst"  />
    <postMsg mid="1166052" type="Warning" dynamic="2" navigation="1" arg0="logical" arg1="scl" arg2="scl"  />
    <postMsg mid="1166064" type="Warning" dynamic="2" navigation="0" arg0="input" arg1="scl"  />
    <postMsg mid="1166052" type="Warning" dynamic="2" navigation="1" arg0="logical" arg1="sda" arg2="sda"  />
    <postMsg mid="1166064" type="Warning" dynamic="2" navigation="0" arg0="input" arg1="sda"  />
    <postMsg mid="1166052" type="Warning" dynamic="2" navigation="1" arg0="logical" arg1="pll_clk" arg2="pll_clk"  />
    <postMsg mid="1166064" type="Warning" dynamic="2" navigation="0" arg0="input" arg1="pll_clk"  />
    <postMsg mid="1166052" type="Warning" dynamic="2" navigation="1" arg0="logical" arg1="pll_locked" arg2="pll_locked"  />
    <postMsg mid="1166064" type="Warning" dynamic="2" navigation="0" arg0="input" arg1="pll_locked"  />
    <postMsg mid="1166052" type="Warning" dynamic="2" navigation="1" arg0="logical" arg1="dsp_bclkin1" arg2="dsp_bclkin1"  />
    <postMsg mid="1166064" type="Warning" dynamic="2" navigation="0" arg0="input" arg1="dsp_bclkin1"  />
    <postMsg mid="1166052" type="Warning" dynamic="2" navigation="1" arg0="logical" arg1="dsp_lrckin1" arg2="dsp_lrckin1"  />
    <postMsg mid="1166064" type="Warning" dynamic="2" navigation="0" arg0="input" arg1="dsp_lrckin1"  />
    <postMsg mid="1166052" type="Warning" dynamic="2" navigation="1" arg0="logical" arg1="dsp_bclkin2" arg2="dsp_bclkin2"  />
    <postMsg mid="1166064" type="Warning" dynamic="2" navigation="0" arg0="input" arg1="dsp_bclkin2"  />
    <postMsg mid="1166052" type="Warning" dynamic="2" navigation="1" arg0="logical" arg1="dsp_lrckin2" arg2="dsp_lrckin2"  />
    <postMsg mid="1166064" type="Warning" dynamic="2" navigation="0" arg0="input" arg1="dsp_lrckin2"  />
    <postMsg mid="1166052" type="Warning" dynamic="2" navigation="1" arg0="logical" arg1="dsp_bclkin3" arg2="dsp_bclkin3"  />
    <postMsg mid="1166064" type="Warning" dynamic="2" navigation="0" arg0="input" arg1="dsp_bclkin3"  />
    <postMsg mid="1166052" type="Warning" dynamic="2" navigation="1" arg0="logical" arg1="dsp_lrckin3" arg2="dsp_lrckin3"  />
    <postMsg mid="1166064" type="Warning" dynamic="2" navigation="0" arg0="input" arg1="dsp_lrckin3"  />
    <postMsg mid="1166052" type="Warning" dynamic="2" navigation="1" arg0="logical" arg1="dsp_bclkout1" arg2="dsp_bclkout1"  />
    <postMsg mid="1166064" type="Warning" dynamic="2" navigation="0" arg0="input" arg1="dsp_bclkout1"  />
    <postMsg mid="1166052" type="Warning" dynamic="2" navigation="1" arg0="logical" arg1="dsp_lrckout1" arg2="dsp_lrckout1"  />
    <postMsg mid="1166064" type="Warning" dynamic="2" navigation="0" arg0="input" arg1="dsp_lrckout1"  />
    <postMsg mid="1166052" type="Warning" dynamic="2" navigation="1" arg0="logical" arg1="dsp_bclkout2" arg2="dsp_bclkout2"  />
    <postMsg mid="1166064" type="Warning" dynamic="2" navigation="0" arg0="input" arg1="dsp_bclkout2"  />
    <postMsg mid="1166052" type="Warning" dynamic="2" navigation="1" arg0="logical" arg1="dsp_lrckout2" arg2="dsp_lrckout2"  />
    <postMsg mid="1166064" type="Warning" dynamic="2" navigation="0" arg0="input" arg1="dsp_lrckout2"  />
    <postMsg mid="1166052" type="Warning" dynamic="2" navigation="1" arg0="logical" arg1="dsp_bclkout3" arg2="dsp_bclkout3"  />
    <postMsg mid="1166064" type="Warning" dynamic="2" navigation="0" arg0="input" arg1="dsp_bclkout3"  />
    <postMsg mid="1166052" type="Warning" dynamic="2" navigation="1" arg0="logical" arg1="dsp_lrckout3" arg2="dsp_lrckout3"  />
    <postMsg mid="1166064" type="Warning" dynamic="2" navigation="0" arg0="input" arg1="dsp_lrckout3"  />
    <postMsg mid="1163101" type="Warning" dynamic="1" navigation="0" arg0="34"  />

Design Results:
     57 blocks expanded
completed the first expansion
All blocks are expanded and NGD expansion is successful.
Writing NGD file infinitas_impl1.ngd.

################### Begin Area Report (infinitas)######################
Number of register bits => 4 of 2352 (0 % )
FD1S3AX => 4
GSR => 1
IB => 16
OB => 33
################### End Area Report ##################

################### Begin BlackBox Report ######################
TSALL => 1
################### End BlackBox Report ##################

################### Begin Clock Report ######################
Clock Nets
Number of Clocks: 1
  Net : exp_bclk4_c_c, loads : 10
Clock Enable Nets
Number of Clock Enables: 0
Top 0 highest fanout Clock Enables:
Highest fanout non-clock nets
Top 10 highest fanout non-clock nets:
  Net : x_mclk_c_c, loads : 7
  Net : exp_lrck4_c_c, loads : 6
  Net : pll_wclkref_c_c, loads : 1
  Net : dsp_tdmin0_c_c, loads : 1
  Net : dsp_tdmin1_c_c, loads : 1
  Net : dsp_tdmin2_c_c, loads : 1
  Net : dsp_tdmin3_c_c, loads : 1
  Net : exp_mdo1_c_c, loads : 1
  Net : exp_mdo2_c_c, loads : 1
  Net : exp_mdo3_c_c, loads : 1
################### End Clock Report ##################

Timing Report Summary
--------------
--------------------------------------------------------------------------------
Constraint                              |   Constraint|       Actual|Levels
--------------------------------------------------------------------------------
                                        |             |             |
create_clock -period 1000.000000 -name  |             |             |
clk0 [get_nets exp_bclk4_c_c]           |            -|            -|     0  
                                        |             |             |
--------------------------------------------------------------------------------


All constraints were met.


Peak Memory Usage: 65.824  MB

--------------------------------------------------------------
Elapsed CPU time for LSE flow : 0.422  secs
--------------------------------------------------------------

map -a "MachXO2" -p LCMXO2-2000HC -t TQFP100 -s 4 -oc Commercial   "infinitas_impl1.ngd" -o "infinitas_impl1_map.ncd" -pr "infinitas_impl1.prf" -mp "infinitas_impl1.mrp" -lpf "C:/lattice/infinitas/impl1/infinitas_impl1.lpf" -lpf "C:/lattice/infinitas/infinitas.lpf" -c 0            
map:  version Diamond (64-bit) 3.9.0.99.2

Copyright (c) 1991-1994 by NeoCAD Inc. All rights reserved.
Copyright (c) 1995 AT&T Corp.   All rights reserved.
Copyright (c) 1995-2001 Lucent Technologies Inc.  All rights reserved.
Copyright (c) 2001 Agere Systems   All rights reserved.
Copyright (c) 2002-2017 Lattice Semiconductor Corporation,  All rights reserved.
   Process the file: infinitas_impl1.ngd
   Picdevice="LCMXO2-2000HC"

   Pictype="TQFP100"

   Picspeed=4

   Remove unused logic

   Do not produce over sized NCDs.

Part used: LCMXO2-2000HCTQFP100, Performance used: 4.

    <postMsg mid="1100644" type="Warning" dynamic="2" navigation="2" arg0="C:/lattice/infinitas/infinitas.lpf(16): Semantic error in &quot;IOBUF PORT &quot;dsp_bclkin1&quot; IO_TYPE=LVCMOS33 ;&quot;: " arg1="dsp_bclkin1" arg2="C:/lattice/infinitas/infinitas.lpf" arg3="16"  />
    <postMsg mid="1100644" type="Warning" dynamic="2" navigation="2" arg0="C:/lattice/infinitas/infinitas.lpf(17): Semantic error in &quot;IOBUF PORT &quot;dsp_bclkin2&quot; IO_TYPE=LVCMOS33 ;&quot;: " arg1="dsp_bclkin2" arg2="C:/lattice/infinitas/infinitas.lpf" arg3="17"  />
    <postMsg mid="1100644" type="Warning" dynamic="2" navigation="2" arg0="C:/lattice/infinitas/infinitas.lpf(18): Semantic error in &quot;IOBUF PORT &quot;dsp_bclkin3&quot; IO_TYPE=LVCMOS33 ;&quot;: " arg1="dsp_bclkin3" arg2="C:/lattice/infinitas/infinitas.lpf" arg3="18"  />
    <postMsg mid="1100644" type="Warning" dynamic="2" navigation="2" arg0="C:/lattice/infinitas/infinitas.lpf(19): Semantic error in &quot;IOBUF PORT &quot;dsp_bclkin4&quot; IO_TYPE=LVCMOS33 ;&quot;: " arg1="dsp_bclkin4" arg2="C:/lattice/infinitas/infinitas.lpf" arg3="19"  />
    <postMsg mid="1100644" type="Warning" dynamic="2" navigation="2" arg0="C:/lattice/infinitas/infinitas.lpf(21): Semantic error in &quot;IOBUF PORT &quot;dsp_bclkout1&quot; IO_TYPE=LVCMOS33 ;&quot;: " arg1="dsp_bclkout1" arg2="C:/lattice/infinitas/infinitas.lpf" arg3="21"  />
    <postMsg mid="1100644" type="Warning" dynamic="2" navigation="2" arg0="C:/lattice/infinitas/infinitas.lpf(22): Semantic error in &quot;IOBUF PORT &quot;dsp_bclkout2&quot; IO_TYPE=LVCMOS33 ;&quot;: " arg1="dsp_bclkout2" arg2="C:/lattice/infinitas/infinitas.lpf" arg3="22"  />
    <postMsg mid="1100644" type="Warning" dynamic="2" navigation="2" arg0="C:/lattice/infinitas/infinitas.lpf(23): Semantic error in &quot;IOBUF PORT &quot;dsp_bclkout3&quot; IO_TYPE=LVCMOS33 ;&quot;: " arg1="dsp_bclkout3" arg2="C:/lattice/infinitas/infinitas.lpf" arg3="23"  />
    <postMsg mid="1100644" type="Warning" dynamic="2" navigation="2" arg0="C:/lattice/infinitas/infinitas.lpf(25): Semantic error in &quot;IOBUF PORT &quot;dsp_lrckin1&quot; IO_TYPE=LVCMOS33 ;&quot;: " arg1="dsp_lrckin1" arg2="C:/lattice/infinitas/infinitas.lpf" arg3="25"  />
    <postMsg mid="1100644" type="Warning" dynamic="2" navigation="2" arg0="C:/lattice/infinitas/infinitas.lpf(26): Semantic error in &quot;IOBUF PORT &quot;dsp_lrckin2&quot; IO_TYPE=LVCMOS33 ;&quot;: " arg1="dsp_lrckin2" arg2="C:/lattice/infinitas/infinitas.lpf" arg3="26"  />
    <postMsg mid="1100644" type="Warning" dynamic="2" navigation="2" arg0="C:/lattice/infinitas/infinitas.lpf(27): Semantic error in &quot;IOBUF PORT &quot;dsp_lrckin3&quot; IO_TYPE=LVCMOS33 ;&quot;: " arg1="dsp_lrckin3" arg2="C:/lattice/infinitas/infinitas.lpf" arg3="27"  />
    <postMsg mid="1100644" type="Warning" dynamic="2" navigation="2" arg0="C:/lattice/infinitas/infinitas.lpf(28): Semantic error in &quot;IOBUF PORT &quot;dsp_lrckin4&quot; IO_TYPE=LVCMOS33 ;&quot;: " arg1="dsp_lrckin4" arg2="C:/lattice/infinitas/infinitas.lpf" arg3="28"  />
    <postMsg mid="1100644" type="Warning" dynamic="2" navigation="2" arg0="C:/lattice/infinitas/infinitas.lpf(30): Semantic error in &quot;IOBUF PORT &quot;dsp_lrckout1&quot; IO_TYPE=LVCMOS33 ;&quot;: " arg1="dsp_lrckout1" arg2="C:/lattice/infinitas/infinitas.lpf" arg3="30"  />
    <postMsg mid="1100644" type="Warning" dynamic="2" navigation="2" arg0="C:/lattice/infinitas/infinitas.lpf(31): Semantic error in &quot;IOBUF PORT &quot;dsp_lrckout2&quot; IO_TYPE=LVCMOS33 ;&quot;: " arg1="dsp_lrckout2" arg2="C:/lattice/infinitas/infinitas.lpf" arg3="31"  />
    <postMsg mid="1100644" type="Warning" dynamic="2" navigation="2" arg0="C:/lattice/infinitas/infinitas.lpf(32): Semantic error in &quot;IOBUF PORT &quot;dsp_lrckout3&quot; IO_TYPE=LVCMOS33 ;&quot;: " arg1="dsp_lrckout3" arg2="C:/lattice/infinitas/infinitas.lpf" arg3="32"  />
    <postMsg mid="1100644" type="Warning" dynamic="2" navigation="2" arg0="C:/lattice/infinitas/infinitas.lpf(38): Semantic error in &quot;IOBUF PORT &quot;dsp_tdmin4&quot; IO_TYPE=LVCMOS33 ;&quot;: " arg1="dsp_tdmin4" arg2="C:/lattice/infinitas/infinitas.lpf" arg3="38"  />
Loading device for application map from file 'xo2c2000.nph' in environment: C:/lscc/diamond/3.9_x64/ispfpga.
Package Status:                     Final          Version 1.44.

Running general design DRC...

    <postMsg mid="1166064" type="Warning" dynamic="2" navigation="0" arg0="input" arg1="nrst"  />
    <postMsg mid="1166064" type="Warning" dynamic="2" navigation="0" arg0="input" arg1="scl"  />
    <postMsg mid="1166064" type="Warning" dynamic="2" navigation="0" arg0="input" arg1="sda"  />
    <postMsg mid="1166064" type="Warning" dynamic="2" navigation="0" arg0="input" arg1="pll_clk"  />
    <postMsg mid="1166064" type="Warning" dynamic="2" navigation="0" arg0="input" arg1="pll_locked"  />
    <postMsg mid="1166064" type="Warning" dynamic="2" navigation="0" arg0="input" arg1="dsp_bclkin1"  />
    <postMsg mid="1166064" type="Warning" dynamic="2" navigation="0" arg0="input" arg1="dsp_lrckin1"  />
    <postMsg mid="1166064" type="Warning" dynamic="2" navigation="0" arg0="input" arg1="dsp_bclkin2"  />
    <postMsg mid="1166064" type="Warning" dynamic="2" navigation="0" arg0="input" arg1="dsp_lrckin2"  />
    <postMsg mid="1166064" type="Warning" dynamic="2" navigation="0" arg0="input" arg1="dsp_bclkin3"  />
    <postMsg mid="1166064" type="Warning" dynamic="2" navigation="0" arg0="input" arg1="dsp_lrckin3"  />
    <postMsg mid="1166064" type="Warning" dynamic="2" navigation="0" arg0="input" arg1="dsp_bclkout1"  />
    <postMsg mid="1166064" type="Warning" dynamic="2" navigation="0" arg0="input" arg1="dsp_lrckout1"  />
    <postMsg mid="1166064" type="Warning" dynamic="2" navigation="0" arg0="input" arg1="dsp_bclkout2"  />
    <postMsg mid="1166064" type="Warning" dynamic="2" navigation="0" arg0="input" arg1="dsp_lrckout2"  />
    <postMsg mid="1166064" type="Warning" dynamic="2" navigation="0" arg0="input" arg1="dsp_bclkout3"  />
    <postMsg mid="1166064" type="Warning" dynamic="2" navigation="0" arg0="input" arg1="dsp_lrckout3"  />
Removing unused logic...

Optimizing...

    <postMsg mid="51001046" type="Warning" dynamic="1" navigation="0" arg0="nrst"  />
    <postMsg mid="51001046" type="Warning" dynamic="1" navigation="0" arg0="scl"  />
    <postMsg mid="51001046" type="Warning" dynamic="1" navigation="0" arg0="sda"  />
    <postMsg mid="51001046" type="Warning" dynamic="1" navigation="0" arg0="pll_clk"  />
    <postMsg mid="51001046" type="Warning" dynamic="1" navigation="0" arg0="pll_locked"  />
    <postMsg mid="51001046" type="Warning" dynamic="1" navigation="0" arg0="dsp_bclkin1"  />
    <postMsg mid="51001046" type="Warning" dynamic="1" navigation="0" arg0="dsp_lrckin1"  />
    <postMsg mid="51001046" type="Warning" dynamic="1" navigation="0" arg0="dsp_bclkin2"  />
    <postMsg mid="51001046" type="Warning" dynamic="1" navigation="0" arg0="dsp_lrckin2"  />
    <postMsg mid="51001046" type="Warning" dynamic="1" navigation="0" arg0="dsp_bclkin3"  />
    <postMsg mid="51001046" type="Warning" dynamic="1" navigation="0" arg0="dsp_lrckin3"  />
    <postMsg mid="51001046" type="Warning" dynamic="1" navigation="0" arg0="dsp_bclkout1"  />
    <postMsg mid="51001046" type="Warning" dynamic="1" navigation="0" arg0="dsp_lrckout1"  />
    <postMsg mid="51001046" type="Warning" dynamic="1" navigation="0" arg0="dsp_bclkout2"  />
    <postMsg mid="51001046" type="Warning" dynamic="1" navigation="0" arg0="dsp_lrckout2"  />
    <postMsg mid="51001046" type="Warning" dynamic="1" navigation="0" arg0="dsp_bclkout3"  />
    <postMsg mid="51001046" type="Warning" dynamic="1" navigation="0" arg0="dsp_lrckout3"  />



Design Summary:
   Number of registers:      4 out of  2352 (0%)
      PFU registers:            4 out of  2112 (0%)
      PIO registers:            0 out of   240 (0%)
   Number of SLICEs:         2 out of  1056 (0%)
      SLICEs as Logic/ROM:      2 out of  1056 (0%)
      SLICEs as RAM:            0 out of   792 (0%)
      SLICEs as Carry:          0 out of  1056 (0%)
   Number of LUT4s:          1 out of  2112 (0%)
      Number used as logic LUTs:          1
      Number used as distributed RAM:     0
      Number used as ripple logic:        0
      Number used as shift registers:     0
   Number of PIO sites used: 49 + 4(JTAG) out of 80 (66%)
   Number of block RAMs:  0 out of 8 (0%)
   Number of GSRs:  0 out of 1 (0%)
   EFB used :       No
   JTAG used :      No
   Readback used :  No
   Oscillator used :  No
   Startup used :   No
   POR :            On
   Bandgap :        On
   Number of Power Controller:  0 out of 1 (0%)
   Number of Dynamic Bank Controller (BCINRD):  0 out of 6 (0%)
   Number of Dynamic Bank Controller (BCLVDSO):  0 out of 1 (0%)
   Number of DCCA:  0 out of 8 (0%)
   Number of DCMA:  0 out of 2 (0%)
   Number of PLLs:  0 out of 1 (0%)
   Number of DQSDLLs:  0 out of 2 (0%)
   Number of CLKDIVC:  0 out of 4 (0%)
   Number of ECLKSYNCA:  0 out of 4 (0%)
   Number of ECLKBRIDGECS:  0 out of 2 (0%)
   Notes:-
      1. Total number of LUT4s = (Number of logic LUT4s) + 2*(Number of distributed RAMs) + 2*(Number of ripple logic)
      2. Number of logic LUT4s does not include count of distributed RAM and ripple logic.
   Number of clocks:  1
     Net exp_bclk4_c_c: 2 loads, 2 rising, 0 falling (Driver: PIO x_bclk )
   Number of Clock Enables:  0
   Number of LSRs:  0
   Number of nets driven by tri-state buffers:  0
   Top 10 highest fanout non-clock nets:
     Net x_mclk_c_c: 7 loads
     Net exp_lrck4_c_c: 6 loads
     Net dsp_tdmin0_c_c: 1 loads
     Net exp_mdi1_c: 1 loads
     Net exp_mdi3_c: 1 loads
     Net exp_mdi4_c: 1 loads
     Net pll_wclkref_c_c: 1 loads
     Net x_tdmin1_c: 1 loads
     Net x_tdmin3_c: 1 loads
     Net x_tdmin4_c: 1 loads
 

   Number of warnings:  49
   Number of errors:    0



Total CPU Time: 0 secs  
Total REAL Time: 2 secs  
Peak Memory Usage: 40 MB

Dumping design to file infinitas_impl1_map.ncd.

ncd2vdb "infinitas_impl1_map.ncd" ".vdbs/infinitas_impl1_map.vdb"

Loading device for application ncd2vdb from file 'xo2c2000.nph' in environment: C:/lscc/diamond/3.9_x64/ispfpga.

trce -f "infinitas_impl1.mt" -o "infinitas_impl1.tw1" "infinitas_impl1_map.ncd" "infinitas_impl1.prf"
trce:  version Diamond (64-bit) 3.9.0.99.2

Copyright (c) 1991-1994 by NeoCAD Inc. All rights reserved.
Copyright (c) 1995 AT&T Corp.   All rights reserved.
Copyright (c) 1995-2001 Lucent Technologies Inc.  All rights reserved.
Copyright (c) 2001 Agere Systems   All rights reserved.
Copyright (c) 2002-2017 Lattice Semiconductor Corporation,  All rights reserved.

Loading design for application trce from file infinitas_impl1_map.ncd.
Design name: infinitas
NCD version: 3.3
Vendor:      LATTICE
Device:      LCMXO2-2000HC
Package:     TQFP100
Performance: 4
Loading device for application trce from file 'xo2c2000.nph' in environment: C:/lscc/diamond/3.9_x64/ispfpga.
Package Status:                     Final          Version 1.44.
Performance Hardware Data Status:   Final          Version 34.4.
Setup and Hold Report

--------------------------------------------------------------------------------
Lattice TRACE Report - Setup, Version Diamond (64-bit) 3.9.0.99.2
Mon Jan 29 15:19:52 2018

Copyright (c) 1991-1994 by NeoCAD Inc. All rights reserved.
Copyright (c) 1995 AT&T Corp.   All rights reserved.
Copyright (c) 1995-2001 Lucent Technologies Inc.  All rights reserved.
Copyright (c) 2001 Agere Systems   All rights reserved.
Copyright (c) 2002-2017 Lattice Semiconductor Corporation,  All rights reserved.

Report Information
------------------
Command line:    trce -v 1 -gt -mapchkpnt 0 -sethld -o infinitas_impl1.tw1 -gui -msgset C:/lattice/infinitas/promote.xml infinitas_impl1_map.ncd infinitas_impl1.prf 
Design file:     infinitas_impl1_map.ncd
Preference file: infinitas_impl1.prf
Device,speed:    LCMXO2-2000HC,4
Report level:    verbose report, limited to 1 item per preference
--------------------------------------------------------------------------------

BLOCK ASYNCPATHS
BLOCK RESETPATHS
--------------------------------------------------------------------------------



Timing summary (Setup):
---------------

Timing errors: 0  Score: 0
Cumulative negative slack: 0

Constraints cover 42 paths, 21 nets, and 39 connections (100.00% coverage)

--------------------------------------------------------------------------------

Total time: 0 secs 

mpartrce -p "infinitas_impl1.p2t" -f "infinitas_impl1.p3t" -tf "infinitas_impl1.pt" "infinitas_impl1_map.ncd" "infinitas_impl1.ncd"

---- MParTrce Tool ----
Removing old design directory at request of -rem command line option to this program.
Running par. Please wait . . .

Lattice Place and Route Report for Design "infinitas_impl1_map.ncd"
Mon Jan 29 15:19:53 2018

PAR: Place And Route Diamond (64-bit) 3.9.0.99.2.
Command Line: par -w -l 5 -i 6 -t 1 -c 0 -e 0 -gui -msgset C:/lattice/infinitas/promote.xml -exp parUseNBR=1:parCDP=0:parCDR=0:parPathBased=OFF infinitas_impl1_map.ncd infinitas_impl1.dir/5_1.ncd infinitas_impl1.prf
Preference file: infinitas_impl1.prf.
Placement level-cost: 5-1.
Routing Iterations: 6

Loading design for application par from file infinitas_impl1_map.ncd.
Design name: infinitas
NCD version: 3.3
Vendor:      LATTICE
Device:      LCMXO2-2000HC
Package:     TQFP100
Performance: 4
Loading device for application par from file 'xo2c2000.nph' in environment: C:/lscc/diamond/3.9_x64/ispfpga.
Package Status:                     Final          Version 1.44.
Performance Hardware Data Status:   Final          Version 34.4.
License checked out.


Ignore Preference Error(s):  True
Device utilization summary:

   PIO (prelim)   49+4(JTAG)/216     25% used
                  49+4(JTAG)/80      66% bonded

   SLICE              2/1056         <1% used



Number of Signals: 21
Number of Connections: 39

Pin Constraint Summary:
   49 out of 49 pins locked (100% locked).

No signal is selected as primary clock.


No signal is selected as secondary clock.

No signal is selected as Global Set/Reset.
Starting Placer Phase 0.

Finished Placer Phase 0.  REAL time: 2 secs 

Starting Placer Phase 1.
....................
Placer score = 21826.
Finished Placer Phase 1.  REAL time: 2 secs 

Starting Placer Phase 2.
.
Placer score =  21826
Finished Placer Phase 2.  REAL time: 2 secs 


------------------ Clock Report ------------------

Global Clock Resources:
  CLK_PIN    : 0 out of 8 (0%)
  PLL        : 0 out of 1 (0%)
  DCM        : 0 out of 2 (0%)
  DCC        : 0 out of 8 (0%)

Quadrants All (TL, TR, BL, BR) - Global Clocks:

  PRIMARY  : 0 out of 8 (0%)
  SECONDARY: 0 out of 8 (0%)

Edge Clocks:
  No edge clock selected.

--------------- End of Clock Report ---------------


I/O Usage Summary (final):
   49 + 4(JTAG) out of 216 (24.5%) PIO sites used.
   49 + 4(JTAG) out of 80 (66.3%) bonded PIO sites used.
   Number of PIO comps: 49; differential: 0.
   Number of Vref pins used: 0.

I/O Bank Usage Summary:
+----------+----------------+------------+-----------+
| I/O Bank | Usage          | Bank Vccio | Bank Vref |
+----------+----------------+------------+-----------+
| 0        | 4 / 19 ( 21%)  | 3.3V       | -         |
| 1        | 20 / 21 ( 95%) | 3.3V       | -         |
| 2        | 16 / 20 ( 80%) | 3.3V       | -         |
| 3        | 2 / 6 ( 33%)   | 3.3V       | -         |
| 4        | 4 / 6 ( 66%)   | 3.3V       | -         |
| 5        | 3 / 8 ( 37%)   | 3.3V       | -         |
+----------+----------------+------------+-----------+

Total placer CPU time: 1 secs 

Dumping design to file infinitas_impl1.dir/5_1.ncd.


-----------------------------------------------------------------
INFO - par: ASE feature is off due to non timing-driven settings.  
-----------------------------------------------------------------

0 connections routed; 39 unrouted.
Starting router resource preassignment

    <postMsg mid="66011008" type="Warning" dynamic="1" navigation="0" arg0="&#xA;   Signal=exp_bclk4_c_c loads=8 clock_loads=2"  />

Completed router resource preassignment. Real time: 3 secs 

Start NBR router at 15:19:56 01/29/18

*****************************************************************
Info: NBR allows conflicts(one node used by more than one signal)
      in the earlier iterations. In each iteration, it tries to  
      solve the conflicts while keeping the critical connections 
      routed as short as possible. The routing process is said to
      be completed when no conflicts exist and all connections   
      are routed.                                                
Note: NBR uses a different method to calculate timing slacks. The
      worst slack and total negative slack may not be the same as
      that in TRCE report. You should always run TRCE to verify  
      your design.                                               
*****************************************************************

Start NBR special constraint process at 15:19:56 01/29/18

Start NBR section for initial routing at 15:19:56 01/29/18
Level 4, iteration 1
0(0.00%) conflict; 0(0.00%) untouched conn; 0 (nbr) score; real time: 3 secs 

Info: Initial congestion level at 75% usage is 0
Info: Initial congestion area  at 75% usage is 0 (0.00%)

Start NBR section for normal routing at 15:19:56 01/29/18
Level 4, iteration 1
0(0.00%) conflict; 0(0.00%) untouched conn; 0 (nbr) score; real time: 3 secs 

Start NBR section for re-routing at 15:19:56 01/29/18
Level 4, iteration 1
0(0.00%) conflict; 0(0.00%) untouched conn; 0 (nbr) score; real time: 3 secs 

Start NBR section for post-routing at 15:19:56 01/29/18

End NBR router with 0 unrouted connection

NBR Summary
-----------
  Number of unrouted connections : 0 (0.00%)
  Number of connections with timing violations : 0 (0.00%)
  Estimated worst slack<setup> : <n/a>
  Timing score<setup> : 0
-----------
Notes: The timing info is calculated for SETUP only and all PAR_ADJs are ignored.



    <postMsg mid="66011008" type="Warning" dynamic="1" navigation="0" arg0="&#xA;   Signal=exp_bclk4_c_c loads=8 clock_loads=2"  />

Total CPU time 1 secs 
Total REAL time: 3 secs 
Completely routed.
End of route.  39 routed (100.00%); 0 unrouted.

Hold time timing score: 0, hold timing errors: 0

Timing score: 0 

Dumping design to file infinitas_impl1.dir/5_1.ncd.


PAR_SUMMARY::Run status = completed
PAR_SUMMARY::Number of unrouted conns = 0
PAR_SUMMARY::Worst  slack<setup/<ns>> = <n/a>
PAR_SUMMARY::Timing score<setup/<ns>> = <n/a>
PAR_SUMMARY::Worst  slack<hold /<ns>> = <n/a>
PAR_SUMMARY::Timing score<hold /<ns>> = <n/a>
PAR_SUMMARY::Number of errors = 0

Total CPU  time to completion: 1 secs 
Total REAL time to completion: 4 secs 

par done!

Copyright (c) 1991-1994 by NeoCAD Inc. All rights reserved.
Copyright (c) 1995 AT&T Corp.   All rights reserved.
Copyright (c) 1995-2001 Lucent Technologies Inc.  All rights reserved.
Copyright (c) 2001 Agere Systems   All rights reserved.
Copyright (c) 2002-2017 Lattice Semiconductor Corporation,  All rights reserved.
Exiting par with exit code 0
Exiting mpartrce with exit code 0

trce -f "infinitas_impl1.pt" -o "infinitas_impl1.twr" "infinitas_impl1.ncd" "infinitas_impl1.prf"
trce:  version Diamond (64-bit) 3.9.0.99.2

Copyright (c) 1991-1994 by NeoCAD Inc. All rights reserved.
Copyright (c) 1995 AT&T Corp.   All rights reserved.
Copyright (c) 1995-2001 Lucent Technologies Inc.  All rights reserved.
Copyright (c) 2001 Agere Systems   All rights reserved.
Copyright (c) 2002-2017 Lattice Semiconductor Corporation,  All rights reserved.

Loading design for application trce from file infinitas_impl1.ncd.
Design name: infinitas
NCD version: 3.3
Vendor:      LATTICE
Device:      LCMXO2-2000HC
Package:     TQFP100
Performance: 4
Loading device for application trce from file 'xo2c2000.nph' in environment: C:/lscc/diamond/3.9_x64/ispfpga.
Package Status:                     Final          Version 1.44.
Performance Hardware Data Status:   Final          Version 34.4.
Setup and Hold Report

--------------------------------------------------------------------------------
Lattice TRACE Report - Setup, Version Diamond (64-bit) 3.9.0.99.2
Mon Jan 29 15:19:57 2018

Copyright (c) 1991-1994 by NeoCAD Inc. All rights reserved.
Copyright (c) 1995 AT&T Corp.   All rights reserved.
Copyright (c) 1995-2001 Lucent Technologies Inc.  All rights reserved.
Copyright (c) 2001 Agere Systems   All rights reserved.
Copyright (c) 2002-2017 Lattice Semiconductor Corporation,  All rights reserved.

Report Information
------------------
Command line:    trce -v 10 -gt -sethld -sp 4 -sphld m -o infinitas_impl1.twr -gui -msgset C:/lattice/infinitas/promote.xml infinitas_impl1.ncd infinitas_impl1.prf 
Design file:     infinitas_impl1.ncd
Preference file: infinitas_impl1.prf
Device,speed:    LCMXO2-2000HC,4
Report level:    verbose report, limited to 10 items per preference
--------------------------------------------------------------------------------

BLOCK ASYNCPATHS
BLOCK RESETPATHS
--------------------------------------------------------------------------------



Timing summary (Setup):
---------------

Timing errors: 0  Score: 0
Cumulative negative slack: 0

Constraints cover 42 paths, 21 nets, and 39 connections (100.00% coverage)

--------------------------------------------------------------------------------

Total time: 0 secs 

iotiming  "infinitas_impl1.ncd" "infinitas_impl1.prf"
I/O Timing Report:
:  version Diamond (64-bit) 3.9.0.99.2

Copyright (c) 1991-1994 by NeoCAD Inc. All rights reserved.
Copyright (c) 1995 AT&T Corp.   All rights reserved.
Copyright (c) 1995-2001 Lucent Technologies Inc.  All rights reserved.
Copyright (c) 2001 Agere Systems   All rights reserved.
Copyright (c) 2002-2017 Lattice Semiconductor Corporation,  All rights reserved.

Loading design for application iotiming from file infinitas_impl1.ncd.
Design name: infinitas
NCD version: 3.3
Vendor:      LATTICE
Device:      LCMXO2-2000HC
Package:     TQFP100
Performance: 4
Loading device for application iotiming from file 'xo2c2000.nph' in environment: C:/lscc/diamond/3.9_x64/ispfpga.
Package Status:                     Final          Version 1.44.
Performance Hardware Data Status:   Final          Version 34.4.
Running Performance Grade: 4
Computing Setup Time ...
Computing Max Clock to Output Delay ...
Computing Hold Time ...
Computing Min Clock to Output Delay ...

Loading design for application iotiming from file infinitas_impl1.ncd.
Design name: infinitas
NCD version: 3.3
Vendor:      LATTICE
Device:      LCMXO2-2000HC
Package:     TQFP100
Performance: 5
Package Status:                     Final          Version 1.44.
Performance Hardware Data Status:   Final          Version 34.4.
Running Performance Grade: 5
Computing Setup Time ...
Computing Max Clock to Output Delay ...
Computing Hold Time ...
Computing Min Clock to Output Delay ...

Loading design for application iotiming from file infinitas_impl1.ncd.
Design name: infinitas
NCD version: 3.3
Vendor:      LATTICE
Device:      LCMXO2-2000HC
Package:     TQFP100
Performance: 6
Package Status:                     Final          Version 1.44.
Performance Hardware Data Status:   Final          Version 34.4.
Running Performance Grade: 6
Computing Setup Time ...
Computing Max Clock to Output Delay ...
Computing Hold Time ...
Computing Min Clock to Output Delay ...

Loading design for application iotiming from file infinitas_impl1.ncd.
Design name: infinitas
NCD version: 3.3
Vendor:      LATTICE
Device:      LCMXO2-2000HC
Package:     TQFP100
Performance: M
Package Status:                     Final          Version 1.44.
Performance Hardware Data Status:   Final          Version 34.4.
Running Performance Grade: M
Computing Setup Time ...
Computing Max Clock to Output Delay ...
Computing Hold Time ...
Computing Min Clock to Output Delay ...
Done.

bitgen -f "infinitas_impl1.t2b" -w "infinitas_impl1.ncd" -jedec "infinitas_impl1.prf"


BITGEN: Bitstream Generator Diamond (64-bit) 3.9.0.99.2
Copyright (c) 1991-1994 by NeoCAD Inc. All rights reserved.
Copyright (c) 1995 AT&T Corp.   All rights reserved.
Copyright (c) 1995-2001 Lucent Technologies Inc.  All rights reserved.
Copyright (c) 2001 Agere Systems   All rights reserved.
Copyright (c) 2002-2017 Lattice Semiconductor Corporation,  All rights reserved.


Loading design for application Bitgen from file infinitas_impl1.ncd.
Design name: infinitas
NCD version: 3.3
Vendor:      LATTICE
Device:      LCMXO2-2000HC
Package:     TQFP100
Performance: 4
Loading device for application Bitgen from file 'xo2c2000.nph' in environment: C:/lscc/diamond/3.9_x64/ispfpga.
Package Status:                     Final          Version 1.44.
Performance Hardware Data Status:   Final          Version 34.4.

Running DRC.
DRC detected 0 errors and 0 warnings.
Reading Preference File from infinitas_impl1.prf.

Preference Summary:
+---------------------------------+---------------------------------+
|  Preference                     |  Current Setting                |
+---------------------------------+---------------------------------+
|                         RamCfg  |                        Reset**  |
+---------------------------------+---------------------------------+
|                     MCCLK_FREQ  |                         2.08**  |
+---------------------------------+---------------------------------+
|                  CONFIG_SECURE  |                          OFF**  |
+---------------------------------+---------------------------------+
|                          INBUF  |                           ON**  |
+---------------------------------+---------------------------------+
|                      JTAG_PORT  |                       ENABLE**  |
+---------------------------------+---------------------------------+
|                       SDM_PORT  |                      DISABLE**  |
+---------------------------------+---------------------------------+
|                 SLAVE_SPI_PORT  |                      DISABLE**  |
+---------------------------------+---------------------------------+
|                MASTER_SPI_PORT  |                      DISABLE**  |
+---------------------------------+---------------------------------+
|                       I2C_PORT  |                      DISABLE**  |
+---------------------------------+---------------------------------+
|        MUX_CONFIGURATION_PORTS  |                      DISABLE**  |
+---------------------------------+---------------------------------+
|                  CONFIGURATION  |                          CFG**  |
+---------------------------------+---------------------------------+
|                COMPRESS_CONFIG  |                           ON**  |
+---------------------------------+---------------------------------+
|                        MY_ASSP  |                          OFF**  |
+---------------------------------+---------------------------------+
|               ONE_TIME_PROGRAM  |                          OFF**  |
+---------------------------------+---------------------------------+
|                 ENABLE_TRANSFR  |                      DISABLE**  |
+---------------------------------+---------------------------------+
|                  SHAREDEBRINIT  |                      DISABLE**  |
+---------------------------------+---------------------------------+
|            BACKGROUND_RECONFIG  |                          OFF**  |
+---------------------------------+---------------------------------+
 *  Default setting.
 ** The specified setting matches the default setting.


Creating bit map...
 
Bitstream Status: Final           Version 1.94.
 
Saving bit stream in "infinitas_impl1.jed".
 
===========
UFM Summary.
===========
UFM Size:        639 Pages (128*639 Bits).
UFM Utilization: General Purpose Flash Memory.
 
Available General Purpose Flash Memory:  639 Pages (Page 0 to Page 638).
Initialized UFM Pages:                     0 Page.
 
