synthesis:  version Diamond (64-bit) 3.9.0.99.2

Copyright (c) 1991-1994 by NeoCAD Inc. All rights reserved.
Copyright (c) 1995 AT&T Corp.   All rights reserved.
Copyright (c) 1995-2001 Lucent Technologies Inc.  All rights reserved.
Copyright (c) 2001 Agere Systems   All rights reserved.
Copyright (c) 2002-2017 Lattice Semiconductor Corporation,  All rights reserved.
Tue Sep 25 18:44:11 2018


Command Line:  synthesis -f infinitas_impl1_lattice.synproj -gui -msgset C:/lattice/infinitas/promote.xml 

Synthesis options:
The -a option is MachXO2.
The -s option is 6.
The -t option is TQFP144.
The -d option is LCMXO2-1200HC.
Using package TQFP144.
Using performance grade 6.
                                                          

##########################################################

### Lattice Family : MachXO2

### Device  : LCMXO2-1200HC

### Package : TQFP144

### Speed   : 6

##########################################################

                                                          

INFO - synthesis: User-Selected Strategy Settings
Optimization goal = Balanced
Top-level module name = infinitas.
Target frequency = 200.000000 MHz.
Maximum fanout = 1000.
Timing path count = 3
BRAM utilization = 100.000000 %
DSP usage = true
DSP utilization = 100.000000 %
fsm_encoding_style = auto
resolve_mixed_drivers = 0
fix_gated_clocks = 1

Mux style = Auto
Use Carry Chain = true
carry_chain_length = 0
Loop Limit = 1950.
Use IO Insertion = TRUE
Use IO Reg = AUTO

Resource Sharing = TRUE
Propagate Constants = TRUE
Remove Duplicate Registers = TRUE
force_gsr = auto
ROM style = auto
RAM style = auto
The -comp option is FALSE.
The -syn option is FALSE.
-p C:/lscc/diamond/3.9_x64/ispfpga/xo2c00/data (searchpath added)
-p C:/lattice/infinitas/impl1 (searchpath added)
-p C:/lattice/infinitas (searchpath added)
VHDL library = work
VHDL design file = C:/lattice/infinitas/vhdl/infinitas.vhdl
NGD file = infinitas_impl1.ngd
-sdc option: SDC file input not used.
-lpf option: Output file option is ON.
Hardtimer checking is enabled (default). The -dt option is not used.
The -r option is OFF. [ Remove LOC Properties is OFF. ]
Technology check ok...

Analyzing Verilog file C:/lscc/diamond/3.9_x64/ispfpga/userware/NT/SYNTHESIS_HEADERS/machxo2.v. VERI-1482
Compile design.
Compile Design Begin
INFO - synthesis: The default VHDL library search path is now "C:/lattice/infinitas/impl1". VHDL-1504
Analyzing VHDL file c:/lattice/infinitas/vhdl/infinitas.vhdl. VHDL-1481
INFO - synthesis: c:/lattice/infinitas/vhdl/infinitas.vhdl(7): analyzing entity infinitas. VHDL-1012
INFO - synthesis: c:/lattice/infinitas/vhdl/infinitas.vhdl(130): analyzing architecture behavioral. VHDL-1010
unit infinitas is not yet analyzed. VHDL-1485
unit infinitas is not yet analyzed. VHDL-1485
c:/lattice/infinitas/vhdl/infinitas.vhdl(7): executing infinitas(Behavioral)

WARNING - synthesis: c:/lattice/infinitas/vhdl/infinitas.vhdl(145): using initial value '0' for rst since it is never assigned. VHDL-1303
WARNING - synthesis: c:/lattice/infinitas/vhdl/infinitas.vhdl(128): replacing existing netlist infinitas(Behavioral). VHDL-1205
Top module name (VHDL): infinitas
Loading NGL library 'C:/lscc/diamond/3.9_x64/ispfpga/xo2c00a/data/xo2alib.ngl'...
Loading NGL library 'C:/lscc/diamond/3.9_x64/ispfpga/xo2c00/data/xo2clib.ngl'...
Loading NGL library 'C:/lscc/diamond/3.9_x64/ispfpga/mg5g00/data/mg5glib.ngl'...
Loading NGL library 'C:/lscc/diamond/3.9_x64/ispfpga/or5g00/data/orc5glib.ngl'...
Loading device for application map from file 'xo2c1200.nph' in environment: C:/lscc/diamond/3.9_x64/ispfpga.
Package Status:                     Final          Version 1.42.
Top-level module name = infinitas.
######## Missing driver on net SPDIFOUT. Patching with GND.
######## Missing driver on net dspBCLKIN0. Patching with GND.
######## Missing driver on net dspLRCKIN0. Patching with GND.
######## Missing driver on net dspTDMIN0. Patching with GND.
######## Missing driver on net dspBCLKIN1. Patching with GND.
######## Missing driver on net dspLRCKIN1. Patching with GND.
######## Missing driver on net dspTDMIN1. Patching with GND.
######## Missing driver on net dspBCLKIN2. Patching with GND.
######## Missing driver on net dspLRCKIN2. Patching with GND.
######## Missing driver on net dspTDMIN2. Patching with GND.
######## Missing driver on net dspBCLKIN3. Patching with GND.
######## Missing driver on net dspLRCKIN3. Patching with GND.
######## Missing driver on net dspTDMIN3. Patching with GND.
######## Missing driver on net dspBCLKOUT0. Patching with GND.
######## Missing driver on net dspLRCKOUT0. Patching with GND.
######## Missing driver on net dspBCLKOUT1. Patching with GND.
######## Missing driver on net dspLRCKOUT1. Patching with GND.
######## Missing driver on net dspBCLKOUT2. Patching with GND.
######## Missing driver on net dspLRCKOUT2. Patching with GND.
######## Missing driver on net dspBCLKOUT3. Patching with GND.
######## Missing driver on net dspLRCKOUT3. Patching with GND.
######## Missing driver on net dspSPDIFIN. Patching with GND.
######## Missing driver on net expMDO5. Patching with GND.
######## Missing driver on net expMDO6. Patching with GND.
######## Missing driver on net expMDO7. Patching with GND.
######## Missing driver on net expMDO8. Patching with GND.
######## Missing driver on net wclkOUT. Patching with GND.



################### Mapped 1020 registers to 32 RAM. ##################
WARNING - synthesis: Removing unused instance _72. VDB-5034
WARNING - synthesis: Removing unused instance _182. VDB-5034
WARNING - synthesis: Removing unused instance _79. VDB-5034
WARNING - synthesis: Removing unused instance _98. VDB-5034
WARNING - synthesis: Removing unused instance _86. VDB-5034
WARNING - synthesis: Removing unused instance _116. VDB-5034
WARNING - synthesis: Removing unused instance _92. VDB-5034
WARNING - synthesis: Removing unused instance _128. VDB-5034
WARNING - synthesis: Removing unused instance srDAC2_153. VDB-5034
WARNING - synthesis: Removing unused instance srDAC2_80_157. VDB-5034
WARNING - synthesis: Removing unused instance _104. VDB-5034
WARNING - synthesis: Removing unused instance _134. VDB-5034
WARNING - synthesis: Removing unused instance _110. VDB-5034
WARNING - synthesis: Removing unused instance _146. VDB-5034
WARNING - synthesis: Removing unused instance srDAC2_59_154. VDB-5034
WARNING - synthesis: Removing unused instance srDAC2_59_99_160. VDB-5034
WARNING - synthesis: Removing unused instance _122. VDB-5034
WARNING - synthesis: Removing unused instance _152. VDB-5034
WARNING - synthesis: Removing unused instance srDAC2_66_155. VDB-5034
WARNING - synthesis: Removing unused instance srDAC2_66_111_162. VDB-5034
WARNING - synthesis: Removing unused instance srDAC2_73_156. VDB-5034
WARNING - synthesis: Removing unused instance srDAC2_73_117_163. VDB-5034
WARNING - synthesis: Removing unused instance _140. VDB-5034
WARNING - synthesis: Removing unused instance _175. VDB-5034
WARNING - synthesis: Removing unused instance srDAC2_59_87_158. VDB-5034
WARNING - synthesis: Removing unused instance srDAC2_59_87_129_165. VDB-5034
WARNING - synthesis: Removing unused instance srDAC2_59_93_159. VDB-5034
WARNING - synthesis: Removing unused instance srDAC2_59_93_135_166. VDB-5034
WARNING - synthesis: Removing unused instance srDAC2_66_105_161. VDB-5034
WARNING - synthesis: Removing unused instance srDAC2_66_105_141_167. VDB-5034
WARNING - synthesis: Removing unused instance srDAC2_59_87_123_164. VDB-5034
WARNING - synthesis: Removing unused instance srDAC2_59_87_123_147_168. VDB-5034
WARNING - synthesis: Removing unused instance _189. VDB-5034
WARNING - synthesis: Removing unused instance _208. VDB-5034
WARNING - synthesis: Removing unused instance _196. VDB-5034
WARNING - synthesis: Removing unused instance _226. VDB-5034
WARNING - synthesis: Removing unused instance _202. VDB-5034
WARNING - synthesis: Removing unused instance _238. VDB-5034
WARNING - synthesis: Removing unused instance srDAC4_263. VDB-5034
WARNING - synthesis: Removing unused instance srDAC4_190_267. VDB-5034
WARNING - synthesis: Removing unused instance _214. VDB-5034
WARNING - synthesis: Removing unused instance _244. VDB-5034
WARNING - synthesis: Removing unused instance _220. VDB-5034
WARNING - synthesis: Removing unused instance _256. VDB-5034
WARNING - synthesis: Removing unused instance srDAC4_169_264. VDB-5034
WARNING - synthesis: Removing unused instance srDAC4_169_209_270. VDB-5034
WARNING - synthesis: Removing unused instance _232. VDB-5034
WARNING - synthesis: Removing unused instance _262. VDB-5034
WARNING - synthesis: Removing unused instance srDAC4_176_265. VDB-5034
WARNING - synthesis: Removing unused instance srDAC4_176_221_272. VDB-5034
WARNING - synthesis: Removing unused instance srDAC4_183_266. VDB-5034
WARNING - synthesis: Removing unused instance srDAC4_183_227_273. VDB-5034
WARNING - synthesis: Removing unused instance _250. VDB-5034
WARNING - synthesis: Removing unused instance . VDB-5034
WARNING - synthesis: Removing unused instance srDAC4_169_197_268. VDB-5034
WARNING - synthesis: Removing unused instance srDAC4_169_197_239_275. VDB-5034
WARNING - synthesis: Removing unused instance srDAC4_169_203_269. VDB-5034
WARNING - synthesis: Removing unused instance srDAC4_169_203_245_276. VDB-5034
WARNING - synthesis: Removing unused instance srDAC4_176_215_271. VDB-5034
WARNING - synthesis: Removing unused instance srDAC4_176_215_251_277. VDB-5034
WARNING - synthesis: Removing unused instance srDAC4_169_197_233_274. VDB-5034
WARNING - synthesis: Removing unused instance srDAC4_169_197_233_257_278. VDB-5034
######## Missing driver on net n2636. Patching with GND.
######## Missing driver on net n2635. Patching with GND.
######## Missing driver on net n2634. Patching with GND.
######## Missing driver on net n2633. Patching with GND.
######## Missing driver on net n2632. Patching with GND.
######## Missing driver on net n2631. Patching with GND.
######## Missing driver on net n2630. Patching with GND.
######## Missing driver on net n2629. Patching with GND.
######## Missing driver on net n2628. Patching with GND.
######## Missing driver on net n2627. Patching with GND.
######## Missing driver on net n2626. Patching with GND.
######## Missing driver on net n2625. Patching with GND.
######## Missing driver on net n2624. Patching with GND.
######## Missing driver on net n2623. Patching with GND.
######## Missing driver on net n2622. Patching with GND.
######## Missing driver on net n2621. Patching with GND.
######## Missing driver on net n2620. Patching with GND.
######## Missing driver on net n2619. Patching with GND.
######## Missing driver on net n2618. Patching with GND.
######## Missing driver on net n2617. Patching with GND.
######## Missing driver on net n2616. Patching with GND.
######## Missing driver on net n2615. Patching with GND.
######## Missing driver on net n2614. Patching with GND.
######## Missing driver on net n2613. Patching with GND.
######## Missing driver on net n2612. Patching with GND.
######## Missing driver on net n2611. Patching with GND.
######## Missing driver on net n2610. Patching with GND.
######## Missing driver on net n2609. Patching with GND.
######## Missing driver on net n2608. Patching with GND.
######## Missing driver on net n2607. Patching with GND.
######## Missing driver on net n2606. Patching with GND.
######## Missing driver on net n2605. Patching with GND.
######## Missing driver on net n2604. Patching with GND.
######## Missing driver on net n2603. Patching with GND.
######## Missing driver on net n2602. Patching with GND.
######## Missing driver on net n2601. Patching with GND.
######## Missing driver on net n2600. Patching with GND.
######## Missing driver on net n2599. Patching with GND.
######## Missing driver on net n2598. Patching with GND.
######## Missing driver on net n2597. Patching with GND.
######## Missing driver on net n2596. Patching with GND.
######## Missing driver on net n2595. Patching with GND.
######## Missing driver on net n2594. Patching with GND.
######## Missing driver on net n2593. Patching with GND.
######## Missing driver on net n2592. Patching with GND.
######## Missing driver on net n2591. Patching with GND.
######## Missing driver on net n2590. Patching with GND.
######## Missing driver on net n2589. Patching with GND.
######## Missing driver on net n2588. Patching with GND.
######## Missing driver on net n2587. Patching with GND.
######## Missing driver on net n2586. Patching with GND.
######## Missing driver on net n2585. Patching with GND.
######## Missing driver on net n2584. Patching with GND.
######## Missing driver on net n2583. Patching with GND.
######## Missing driver on net n2582. Patching with GND.
######## Missing driver on net n2581. Patching with GND.
######## Missing driver on net n2580. Patching with GND.
######## Missing driver on net n2579. Patching with GND.
######## Missing driver on net n2578. Patching with GND.
######## Missing driver on net n2577. Patching with GND.
######## Missing driver on net n2575. Patching with GND.
######## Missing driver on net n2574. Patching with GND.
######## Missing driver on net n2573. Patching with GND.
######## Missing driver on net n2576. Patching with GND.
GSR will not be inferred because no asynchronous signal was found in the netlist.
Applying 200.000000 MHz constraint to all clocks

WARNING - synthesis: No user .sdc file.
Results of NGD DRC are available in infinitas_drc.log.
Loading NGL library 'C:/lscc/diamond/3.9_x64/ispfpga/xo2c00a/data/xo2alib.ngl'...
Loading NGL library 'C:/lscc/diamond/3.9_x64/ispfpga/xo2c00/data/xo2clib.ngl'...
Loading NGL library 'C:/lscc/diamond/3.9_x64/ispfpga/mg5g00/data/mg5glib.ngl'...
Loading NGL library 'C:/lscc/diamond/3.9_x64/ispfpga/or5g00/data/orc5glib.ngl'...
WARNING - synthesis: logical net 'nRST' has no load.
WARNING - synthesis: input pad net 'nRST' has no legal load.
WARNING - synthesis: logical net 'SCL' has no load.
WARNING - synthesis: input pad net 'SCL' has no legal load.
WARNING - synthesis: logical net 'SDA' has no load.
WARNING - synthesis: input pad net 'SDA' has no legal load.
WARNING - synthesis: logical net 'SPDIFIN' has no load.
WARNING - synthesis: input pad net 'SPDIFIN' has no legal load.
WARNING - synthesis: logical net 'pllCLK' has no load.
WARNING - synthesis: input pad net 'pllCLK' has no legal load.
WARNING - synthesis: logical net 'pllLOCKED' has no load.
WARNING - synthesis: input pad net 'pllLOCKED' has no legal load.
WARNING - synthesis: logical net 'dspTDMOUT0' has no load.
WARNING - synthesis: input pad net 'dspTDMOUT0' has no legal load.
WARNING - synthesis: logical net 'dspTDMOUT1' has no load.
WARNING - synthesis: input pad net 'dspTDMOUT1' has no legal load.
WARNING - synthesis: logical net 'dspTDMOUT2' has no load.
WARNING - synthesis: input pad net 'dspTDMOUT2' has no legal load.
WARNING - synthesis: logical net 'dspTDMOUT3' has no load.
WARNING - synthesis: input pad net 'dspTDMOUT3' has no legal load.
WARNING - synthesis: logical net 'dspSPDIFOUT' has no load.
WARNING - synthesis: input pad net 'dspSPDIFOUT' has no legal load.
WARNING - synthesis: logical net 'expMDI5' has no load.
WARNING - synthesis: input pad net 'expMDI5' has no legal load.
WARNING - synthesis: logical net 'expMDI6' has no load.
WARNING - synthesis: input pad net 'expMDI6' has no legal load.
WARNING - synthesis: logical net 'expMDI7' has no load.
WARNING - synthesis: input pad net 'expMDI7' has no legal load.
WARNING - synthesis: logical net 'expMDI8' has no load.
WARNING - synthesis: input pad net 'expMDI8' has no legal load.
WARNING - synthesis: DRC complete with 30 warnings.
All blocks are expanded and NGD expansion is successful.
Writing NGD file infinitas_impl1.ngd.

################### Begin Area Report (infinitas)######################
Number of register bits => 24 of 1604 (1 % )
CCU2D => 38
DPR16X4C => 32
FD1S3AX => 8
FD1S3IX => 16
GSR => 1
IB => 12
LUT4 => 86
OB => 63
PFUMX => 20
################### End Area Report ##################

################### Begin BlackBox Report ######################
TSALL => 1
################### End BlackBox Report ##################

################### Begin Clock Report ######################
Clock Nets
Number of Clocks: 1
  Net : expBCLK8_c_c, loads : 64
Clock Enable Nets
Number of Clock Enables: 0
Top 0 highest fanout Clock Enables:
Highest fanout non-clock nets
Top 10 highest fanout non-clock nets:
  Net : n2091, loads : 28
  Net : n2159, loads : 27
  Net : n2158, loads : 21
  Net : n2157, loads : 21
  Net : n2156, loads : 21
  Net : n2155, loads : 21
  Net : n2154, loads : 21
  Net : n2153, loads : 21
  Net : n2152, loads : 21
  Net : n2090, loads : 21
################### End Clock Report ##################

Timing Report Summary
--------------
--------------------------------------------------------------------------------
Constraint                              |   Constraint|       Actual|Levels
--------------------------------------------------------------------------------
                                        |             |             |
create_clock -period 5.000000 -name     |             |             |
clk0 [get_nets expBCLK8_c_c]            |  200.000 MHz|  101.041 MHz|    10 *
                                        |             |             |
--------------------------------------------------------------------------------


1 constraints not met.


Peak Memory Usage: 315.875  MB

--------------------------------------------------------------
Elapsed CPU time for LSE flow : 1.656  secs
--------------------------------------------------------------
